TN:
SF:database/database.js
FN:11,getDb
FN:32,saveDb
FNF:2
FNH:2
FNDA:29,getDb
FNDA:22,saveDb
DA:1,1
DA:2,1
DA:3,1
DA:6,1
DA:7,1
DA:12,29
DA:13,1
DA:14,1
DA:15,1
DA:16,1
DA:17,1
DA:19,0
DA:21,1
DA:29,1
DA:33,22
DA:34,22
DA:35,22
DA:36,22
DA:40,1
LF:19
LH:18
BRDA:12,0,0,28
BRDA:12,0,1,1
BRDA:15,1,0,1
BRDA:15,1,1,0
BRDA:33,2,0,22
BRDA:33,2,1,0
BRF:6
BRH:4
end_of_record
TN:
SF:routes/todo.js
FN:7,(anonymous_0)
FN:23,(anonymous_1)
FN:34,(anonymous_2)
FN:42,(anonymous_3)
FN:59,(anonymous_4)
FN:69,(anonymous_5)
FN:78,toObj
FN:82,(anonymous_7)
FN:86,toArray
FN:89,(anonymous_9)
FN:91,(anonymous_10)
FN:96,formatTodo
FN:105,formatTodos
FNF:13
FNH:11
FNDA:8,(anonymous_0)
FNDA:1,(anonymous_1)
FNDA:2,(anonymous_2)
FNDA:2,(anonymous_3)
FNDA:2,(anonymous_4)
FNDA:2,(anonymous_5)
FNDA:10,toObj
FNDA:40,(anonymous_7)
FNDA:3,toArray
FNDA:3,(anonymous_9)
FNDA:12,(anonymous_10)
FNDA:0,formatTodo
FNDA:0,formatTodos
DA:1,1
DA:2,1
DA:4,1
DA:7,1
DA:8,8
DA:9,8
DA:10,1
DA:12,7
DA:13,7
DA:14,7
DA:15,7
DA:16,7
DA:17,7
DA:18,7
DA:19,7
DA:23,1
DA:24,1
DA:25,1
DA:26,1
DA:27,1
DA:28,1
DA:29,1
DA:30,1
DA:34,1
DA:35,2
DA:36,2
DA:37,2
DA:38,1
DA:42,1
DA:43,2
DA:44,2
DA:45,2
DA:47,1
DA:48,1
DA:49,1
DA:50,1
DA:52,1
DA:53,1
DA:54,1
DA:55,1
DA:59,1
DA:60,2
DA:61,2
DA:62,2
DA:63,1
DA:64,1
DA:65,1
DA:69,1
DA:70,2
DA:71,2
DA:73,2
DA:74,2
DA:79,10
DA:80,10
DA:81,10
DA:82,40
DA:83,10
DA:87,3
DA:88,2
DA:89,2
DA:90,3
DA:91,12
DA:92,3
DA:97,0
DA:98,0
DA:99,0
DA:100,0
DA:101,0
DA:102,0
DA:106,0
DA:107,0
DA:108,0
DA:109,0
DA:110,0
DA:111,0
DA:112,0
DA:113,0
DA:115,0
DA:118,1
LF:79
LH:64
BRDA:8,0,0,7
BRDA:8,1,0,8
BRDA:9,2,0,1
BRDA:9,2,1,7
BRDA:24,3,0,1
BRDA:24,3,1,1
BRDA:25,4,0,1
BRDA:25,4,1,1
BRDA:37,5,0,1
BRDA:37,5,1,1
BRDA:37,6,0,2
BRDA:37,6,1,1
BRDA:45,7,0,1
BRDA:45,7,1,1
BRDA:45,8,0,2
BRDA:45,8,1,1
BRDA:48,9,0,1
BRDA:48,9,1,0
BRDA:49,10,0,1
BRDA:49,10,1,1
BRDA:50,11,0,1
BRDA:50,11,1,1
BRDA:62,12,0,1
BRDA:62,12,1,1
BRDA:62,13,0,2
BRDA:62,13,1,1
BRDA:70,14,0,2
BRDA:70,14,1,0
BRDA:87,15,0,1
BRDA:87,15,1,2
BRF:30
BRH:28
end_of_record
