TN:
SF:app.js
FN:10,(anonymous_0)
FN:16,(anonymous_1)
FN:22,unusedHelper
FN:28,anotherDeadFunction
FN:38,(anonymous_4)
FNF:5
FNH:0
FNDA:0,(anonymous_0)
FNDA:0,(anonymous_1)
FNDA:0,unusedHelper
FNDA:0,anotherDeadFunction
FNDA:0,(anonymous_4)
DA:1,1
DA:2,1
DA:4,1
DA:5,1
DA:7,1
DA:8,1
DA:10,1
DA:11,0
DA:12,0
DA:16,1
DA:17,0
DA:20,1
DA:23,0
DA:24,0
DA:25,0
DA:29,0
DA:30,0
DA:31,0
DA:33,0
DA:36,1
DA:37,0
DA:38,0
DA:41,1
LF:23
LH:11
BRDA:36,0,0,0
BRDA:36,0,1,1
BRDA:37,1,0,0
BRDA:37,1,1,0
BRF:4
BRH:1
end_of_record
TN:
SF:database/database.js
FN:11,getDb
FN:32,saveDb
FNF:2
FNH:2
FNDA:11,getDb
FNDA:8,saveDb
DA:1,1
DA:2,1
DA:3,1
DA:6,1
DA:7,1
DA:12,11
DA:13,1
DA:14,1
DA:15,1
DA:16,1
DA:17,1
DA:19,0
DA:21,1
DA:29,1
DA:33,8
DA:34,8
DA:35,8
DA:36,8
DA:40,1
LF:19
LH:18
BRDA:12,0,0,10
BRDA:12,0,1,1
BRDA:15,1,0,1
BRDA:15,1,1,0
BRDA:33,2,0,8
BRDA:33,2,1,0
BRF:6
BRH:4
end_of_record
TN:
SF:routes/todo.js
FN:7,(anonymous_0)
FN:23,(anonymous_1)
FN:34,(anonymous_2)
FN:42,(anonymous_3)
FN:59,(anonymous_4)
FN:69,(anonymous_5)
FN:78,toObj
FN:82,(anonymous_7)
FN:86,toArray
FN:89,(anonymous_9)
FN:91,(anonymous_10)
FN:96,formatTodo
FN:105,formatTodos
FNF:13
FNH:10
FNDA:7,(anonymous_0)
FNDA:1,(anonymous_1)
FNDA:1,(anonymous_2)
FNDA:1,(anonymous_3)
FNDA:1,(anonymous_4)
FNDA:0,(anonymous_5)
FNDA:9,toObj
FNDA:36,(anonymous_7)
FNDA:1,toArray
FNDA:2,(anonymous_9)
FNDA:8,(anonymous_10)
FNDA:0,formatTodo
FNDA:0,formatTodos
DA:1,1
DA:2,1
DA:4,1
DA:7,1
DA:8,7
DA:9,7
DA:10,1
DA:12,6
DA:13,6
DA:14,6
DA:15,6
DA:16,6
DA:17,6
DA:18,6
DA:19,6
DA:23,1
DA:24,1
DA:25,1
DA:26,1
DA:27,1
DA:28,1
DA:29,1
DA:30,1
DA:34,1
DA:35,1
DA:36,1
DA:37,1
DA:38,1
DA:42,1
DA:43,1
DA:44,1
DA:45,1
DA:47,1
DA:48,1
DA:49,1
DA:50,1
DA:52,1
DA:53,1
DA:54,1
DA:55,1
DA:59,1
DA:60,1
DA:61,1
DA:62,1
DA:63,1
DA:64,1
DA:65,1
DA:69,1
DA:70,0
DA:71,0
DA:73,0
DA:74,0
DA:79,9
DA:80,9
DA:81,9
DA:82,36
DA:83,9
DA:87,1
DA:88,1
DA:89,1
DA:90,2
DA:91,8
DA:92,2
DA:97,0
DA:98,0
DA:99,0
DA:100,0
DA:101,0
DA:102,0
DA:106,0
DA:107,0
DA:108,0
DA:109,0
DA:110,0
DA:111,0
DA:112,0
DA:113,0
DA:115,0
DA:118,1
LF:79
LH:60
BRDA:8,0,0,5
BRDA:8,1,0,7
BRDA:9,2,0,1
BRDA:9,2,1,6
BRDA:24,3,0,1
BRDA:24,3,1,1
BRDA:25,4,0,1
BRDA:25,4,1,1
BRDA:37,5,0,0
BRDA:37,5,1,1
BRDA:37,6,0,1
BRDA:37,6,1,1
BRDA:45,7,0,0
BRDA:45,7,1,1
BRDA:45,8,0,1
BRDA:45,8,1,1
BRDA:48,9,0,1
BRDA:48,9,1,0
BRDA:49,10,0,1
BRDA:49,10,1,1
BRDA:50,11,0,1
BRDA:50,11,1,1
BRDA:62,12,0,0
BRDA:62,12,1,1
BRDA:62,13,0,1
BRDA:62,13,1,1
BRDA:70,14,0,0
BRDA:70,14,1,0
BRDA:87,15,0,0
BRDA:87,15,1,1
BRF:30
BRH:23
end_of_record
